<?xml version="1.0" encoding="UTF-8"?>
<!-- Generated by org.testng.reporters.JUnitXMLReporter -->
<testsuite hostname="PC-20180824ZNAZ" ignored="0" name="Test" tests="3" failures="0" timestamp="12 九月 2018 07:03:42 GMT" time="89.912" errors="0">
  <testcase name="addVoteElection" time="16.967" classname="com.dangjian.selenium.testCase.login"/>
  <testcase name="organizationalActivity" time="14.634" classname="com.dangjian.selenium.testCase.login"/>
  <testcase name="questionnaire" time="19.234" classname="com.dangjian.selenium.testCase.login"/>
</testsuite> <!-- Test -->
