<?xml version="1.0" encoding="UTF-8"?>
<testng-results skipped="0" failed="0" ignored="0" total="1" passed="1">
  <reporter-output>
  </reporter-output>
  <suite name="Suite" duration-ms="28600" started-at="2018-09-13T01:18:49Z" finished-at="2018-09-13T01:19:18Z">
    <groups>
    </groups>
    <test name="Test" duration-ms="28600" started-at="2018-09-13T01:18:49Z" finished-at="2018-09-13T01:19:18Z">
      <class name="com.dangjian.selenium.testCase.login">
        <test-method status="PASS" signature="getLoginHome()[pri:0, instance:com.dangjian.selenium.testCase.login@2dc54ad4]" name="getLoginHome" is-config="true" duration-ms="6037" started-at="2018-09-13T09:18:43Z" finished-at="2018-09-13T09:18:49Z">
          <reporter-output>
          </reporter-output>
        </test-method> <!-- getLoginHome -->
        <test-method status="PASS" signature="testLogin()[pri:0, instance:com.dangjian.selenium.testCase.login@2dc54ad4]" name="testLogin" is-config="true" duration-ms="7230" started-at="2018-09-13T09:18:49Z" finished-at="2018-09-13T09:18:56Z">
          <reporter-output>
          </reporter-output>
        </test-method> <!-- testLogin -->
        <test-method status="PASS" signature="organizationalActivity()[pri:0, instance:com.dangjian.selenium.testCase.login@2dc54ad4]" name="organizationalActivity" duration-ms="14966" started-at="2018-09-13T09:18:56Z" finished-at="2018-09-13T09:19:11Z">
          <reporter-output>
          </reporter-output>
        </test-method> <!-- organizationalActivity -->
        <test-method status="PASS" signature="signOut()[pri:0, instance:com.dangjian.selenium.testCase.login@2dc54ad4]" name="signOut" is-config="true" duration-ms="6385" started-at="2018-09-13T09:19:11Z" finished-at="2018-09-13T09:19:18Z">
          <reporter-output>
          </reporter-output>
        </test-method> <!-- signOut -->
        <test-method status="PASS" signature="close()[pri:0, instance:com.dangjian.selenium.testCase.login@2dc54ad4]" name="close" is-config="true" duration-ms="71" started-at="2018-09-13T09:19:18Z" finished-at="2018-09-13T09:19:18Z">
          <reporter-output>
          </reporter-output>
        </test-method> <!-- close -->
      </class> <!-- com.dangjian.selenium.testCase.login -->
    </test> <!-- Test -->
  </suite> <!-- Suite -->
</testng-results>
