<?xml version="1.0" encoding="UTF-8"?>
<testng-results skipped="0" failed="0" ignored="0" total="1" passed="1">
  <reporter-output>
  </reporter-output>
  <suite name="Default suite" duration-ms="13228" started-at="2018-09-04T23:42:02Z" finished-at="2018-09-04T23:42:15Z">
    <groups>
    </groups>
    <test name="Default test" duration-ms="13228" started-at="2018-09-04T23:42:02Z" finished-at="2018-09-04T23:42:15Z">
      <class name="com.jingzhaopan.selenium.test001">
        <test-method status="PASS" signature="init()[pri:0, instance:com.jingzhaopan.selenium.test001@5bcea91b]" name="init" duration-ms="13183" started-at="2018-09-04T23:42:02Z" finished-at="2018-09-04T23:42:15Z">
          <reporter-output>
          </reporter-output>
        </test-method> <!-- init -->
      </class> <!-- com.jingzhaopan.selenium.test001 -->
    </test> <!-- Default test -->
  </suite> <!-- Default suite -->
</testng-results>
